{
  "RSpec": {
    "coverage": {
      "/Users/stevenschwedt/turing/4mod/PetPicker/app/models/connection.rb": [
        1,
        1,
        null,
        1,
        1,
        1,
        null
      ],
      "/Users/stevenschwedt/turing/4mod/PetPicker/app/models/application_record.rb": [
        1,
        1,
        null
      ],
      "/Users/stevenschwedt/turing/4mod/PetPicker/app/models/message.rb": [
        1,
        1,
        1,
        1,
        null
      ],
      "/Users/stevenschwedt/turing/4mod/PetPicker/app/models/pet.rb": [
        1,
        1,
        null,
        1,
        1,
        null
      ],
      "/Users/stevenschwedt/turing/4mod/PetPicker/app/models/user.rb": [
        1,
        1,
        1,
        null,
        1,
        1,
        1,
        null,
        1,
        1,
        null,
        null,
        1,
        4,
        4,
        null,
        null
      ],
      "/Users/stevenschwedt/turing/4mod/PetPicker/app/controllers/api/v1/users_controller.rb": [
        1,
        1,
        4,
        4,
        0,
        null,
        4,
        null,
        4,
        4,
        null,
        null,
        1,
        null,
        1,
        4,
        null,
        null
      ],
      "/Users/stevenschwedt/turing/4mod/PetPicker/app/controllers/application_controller.rb": [
        1,
        null
      ]
    },
    "timestamp": 1536621606
  }
}
